<?xml version="1.0" encoding="utf-8"?><testsuites><testsuite name="pytest" errors="0" failures="0" skipped="0" tests="17" time="18.784" timestamp="2022-08-16T15:15:59.424542" hostname="adams-mbp.lan"><testcase classname="tests.unit_tests.test_init" name="test_version" time="0.001" /><testcase classname="tests.unit_tests.ci.test_ci" name="test_ci_tests[ci_estimator0]" time="0.002" /><testcase classname="tests.unit_tests.ci.test_ci" name="test_ci_tests[ci_estimator1]" time="0.001" /><testcase classname="tests.unit_tests.ci.test_ci" name="test_ci_tests[ci_estimator2]" time="0.001" /><testcase classname="tests.unit_tests.ci.test_ci" name="test_ci_tests[ci_estimator3]" time="0.001" /><testcase classname="tests.unit_tests.ci.test_ci" name="test_ci_tests[ci_estimator4]" time="0.001" /><testcase classname="tests.unit_tests.ci.test_fisherz_test" name="test_fisher_z" time="0.008" /><testcase classname="tests.unit_tests.ci.test_g_test" name="test_g_error" time="0.026" /><testcase classname="tests.unit_tests.ci.test_g_test" name="test_g_discrete" time="1.015" /><testcase classname="tests.unit_tests.ci.test_g_test" name="test_g_binary" time="0.339" /><testcase classname="tests.unit_tests.ci.test_kernel_test" name="test_kci_with_gaussian_data[rbf_approx]" time="0.184" /><testcase classname="tests.unit_tests.ci.test_kernel_test" name="test_kci_with_gaussian_data[rbf]" time="0.241" /><testcase classname="tests.unit_tests.ci.test_kernel_test" name="test_kci_with_gaussian_data[linear_approx]" time="0.128" /><testcase classname="tests.unit_tests.ci.test_kernel_test" name="test_kci_with_gaussian_data[linear]" time="0.207" /><testcase classname="tests.unit_tests.ci.test_kernel_test" name="test_kci_with_gaussian_data[polynomial_approx]" time="0.134" /><testcase classname="tests.unit_tests.ci.test_kernel_test" name="test_kci_with_gaussian_data[polynomial]" time="0.204" /><testcase classname="tests.unit_tests.ci.test_kernel_test" name="test_kci_errors" time="0.001" /></testsuite></testsuites>