<?xml version="1.0" encoding="utf-8"?><testsuites><testsuite name="pytest" errors="0" failures="0" skipped="0" tests="3" time="1.194" timestamp="2022-08-09T16:28:54.503749" hostname="adams-mbp.lan"><testcase classname="dodiscover.constraint.tests.test_skeleton" name="test_learn_skeleton_oracle[G0]" time="0.008" /><testcase classname="dodiscover.constraint.tests.test_skeleton" name="test_learn_skeleton_oracle[G1]" time="0.004" /><testcase classname="dodiscover.constraint.tests.test_skeleton" name="test_learn_skeleton_oracle[G2]" time="0.012" /></testsuite></testsuites>